/Library/Java/JavaVirtualMachines/adoptopenjdk-11.jdk/Contents/Home/bin/java -javaagent:/Applications/IntelliJ IDEA.app/Contents/lib/idea_rt.jar=64900:/Applications/IntelliJ IDEA.app/Contents/bin -Dfile.encoding=UTF-8 -classpath /Users/vladislav.gerasimov/IdeaProjects/bd-task-2/producer/target/classes:/Users/vladislav.gerasimov/.m2/repository/com/fasterxml/jackson/core/jackson-databind/2.10.0/jackson-databind-2.10.0.jar:/Users/vladislav.gerasimov/.m2/repository/com/fasterxml/jackson/core/jackson-annotations/2.10.0/jackson-annotations-2.10.0.jar:/Users/vladislav.gerasimov/.m2/repository/com/fasterxml/jackson/core/jackson-core/2.10.0/jackson-core-2.10.0.jar:/Users/vladislav.gerasimov/.m2/repository/org/apache/kafka/kafka-clients/2.8.0/kafka-clients-2.8.0.jar:/Users/vladislav.gerasimov/.m2/repository/com/github/luben/zstd-jni/1.4.9-1/zstd-jni-1.4.9-1.jar:/Users/vladislav.gerasimov/.m2/repository/org/lz4/lz4-java/1.7.1/lz4-java-1.7.1.jar:/Users/vladislav.gerasimov/.m2/repository/org/xerial/snappy/snappy-java/1.1.8.1/snappy-java-1.1.8.1.jar:/Users/vladislav.gerasimov/.m2/repository/org/slf4j/slf4j-api/1.7.30/slf4j-api-1.7.30.jar bd.producer.BDKafkaProducer 100 /Users/vladislav.gerasimov/IdeaProjects/bd-task-2/src/main/external_resources/data/bigdata20/followers_posts_api_final.json localhost:9092
SLF4J: Failed to load class "org.slf4j.impl.StaticLoggerBinder".
SLF4J: Defaulting to no-operation (NOP) logger implementation
SLF4J: See http://www.slf4j.org/codes.html#StaticLoggerBinder for further details.
Message 3316 sent!
Message 3318 sent!
Message 3320 sent!
Message 3322 sent!
Message 3324 sent!
Message 3325 sent!
Message 3326 sent!
Message 3327 sent!
Message 3329 sent!
Message 11752 sent!
Message 11754 sent!
Message 11757 sent!
Message 11761 sent!
Message 11773 sent!
Message 11776 sent!
Message 11777 sent!
Message 11780 sent!
Message 11782 sent!
Message 11783 sent!
Message 11795 sent!
Message 11796 sent!
Message 11797 sent!
Message 11801 sent!
Message 11807 sent!
Message 11808 sent!
Message 11818 sent!
Message 11826 sent!
Message 11829 sent!
Message 11843 sent!
Message 10820 sent!
Message 10822 sent!
Message 10821 sent!
Message 10823 sent!
Message 10824 sent!
Message 10826 sent!
Message 10827 sent!
Message 10828 sent!
Message 10829 sent!
Message 10831 sent!
Message 10833 sent!
Message 10834 sent!
Message 10854 sent!
Message 10856 sent!
Message 10857 sent!
Message 10860 sent!
Message 10859 sent!
Message 10861 sent!
Message 10862 sent!
Message 10870 sent!
Message 7570 sent!
Message 3225 sent!
Message 3226 sent!
Message 3227 sent!
Message 3230 sent!
Message 3232 sent!
Message 3235 sent!
Message 3244 sent!
Message 3246 sent!
Message 3248 sent!
Message 3250 sent!
Message 3252 sent!
Message 3264 sent!
Message 3266 sent!
Message 3270 sent!
Message 3271 sent!
Message 3272 sent!
Message 11638 sent!
Message 11650 sent!
Message 11651 sent!
Message 11666 sent!
Message 11692 sent!
Message 11693 sent!
Message 11699 sent!
Message 11700 sent!
Message 11710 sent!
Message 11713 sent!
Message 11714 sent!
Message 11715 sent!
Message 11738 sent!
Message 11739 sent!
Message 11740 sent!
Message 11743 sent!
Message 11744 sent!
Message 11745 sent!
Message 11746 sent!
Message 11748 sent!
Message 13937 sent!
Message 13938 sent!
Message 13939 sent!
Message 13941 sent!
Message 13942 sent!
Message 13952 sent!
Message 13957 sent!
Message 13958 sent!
Message 13959 sent!
Message 13960 sent!
Message 13961 sent!
Message 13962 sent!
Message 13973 sent!
Message 13998 sent!
Message 2522 sent!
Message 2523 sent!
Message 2524 sent!
Message 2525 sent!
Message 2529 sent!
Message 2531 sent!
Message 2540 sent!
Message 2541 sent!
Message 2548 sent!
Message 1520 sent!
Message 1521 sent!
Message 1522 sent!
Message 1523 sent!
Message 1524 sent!
Message 1525 sent!
Message 1526 sent!
Message 1527 sent!
Message 1528 sent!
Message 1529 sent!
Message 1530 sent!
Message 1531 sent!
Message 1532 sent!
Message 1533 sent!
Message 1534 sent!
Message 1535 sent!
Message 1536 sent!
Message 1537 sent!
Message 1538 sent!
Message 1539 sent!
Message 11085 sent!
Message 11086 sent!
Message 11087 sent!
Message 11088 sent!
Message 11089 sent!
Message 11091 sent!
Message 11092 sent!
Message 11093 sent!
Message 11094 sent!
Message 11095 sent!
Message 11097 sent!
Message 11101 sent!
Message 11102 sent!
Message 11104 sent!
Message 11105 sent!
Message 11107 sent!
Message 11106 sent!
Message 11108 sent!
Message 11109 sent!
Message 11110 sent!
Message 2629 sent!
Message 2631 sent!
Message 2633 sent!
Message 2634 sent!
Message 2640 sent!
Message 2643 sent!
Message 2644 sent!
Message 2666 sent!
Message 2667 sent!
Message 2668 sent!
Message 2681 sent!
Message 2682 sent!
Message 1687 sent!
Message 1688 sent!
Message 1689 sent!
Message 1694 sent!
Message 1695 sent!
Message 1696 sent!
Message 1697 sent!
Message 1698 sent!
Message 1699 sent!
Message 1700 sent!
Message 1704 sent!
Message 1705 sent!
Message 1706 sent!
Message 1708 sent!
Message 1710 sent!
Message 1711 sent!
Message 11058 sent!
Message 11059 sent!
Message 11060 sent!
Message 11061 sent!
Message 11062 sent!
Message 11063 sent!
Message 11065 sent!
Message 11066 sent!
Message 11067 sent!
Message 11074 sent!
Message 11075 sent!
Message 11076 sent!
Message 11077 sent!
Message 11078 sent!
Message 11079 sent!
Message 11080 sent!
Message 11081 sent!
Message 11082 sent!
Message 11083 sent!
Message 11084 sent!
Message 1937 sent!
Message 1939 sent!
Message 1940 sent!
Message 7097 sent!
Message 7102 sent!
Message 7104 sent!
Message 7105 sent!
Message 7106 sent!
Message 7107 sent!
Message 7114 sent!
Message 4773 sent!
Message 4774 sent!
Message 3074 sent!
Message 3075 sent!
Message 3078 sent!
Message 3079 sent!
Message 3082 sent!
Message 3086 sent!
Message 3087 sent!
Message 3090 sent!
Message 3102 sent!
Message 3104 sent!
Message 3107 sent!
Message 3108 sent!
Message 3110 sent!
Message 3112 sent!
Message 3113 sent!
Message 3116 sent!
Message 3117 sent!
Message 3118 sent!
Message 3119 sent!
Message 3121 sent!
Message 16567 sent!
Message 16572 sent!
Message 16580 sent!
Message 16582 sent!
Message 16595 sent!
Message 16596 sent!
Message 16606 sent!
Message 16607 sent!
Message 16612 sent!
Message 16615 sent!
Message 16619 sent!
Message 13605 sent!
Message 13606 sent!
Message 13607 sent!
Message 13608 sent!
Message 13609 sent!
Message 13610 sent!
Message 13611 sent!
Message 13612 sent!
Message 13613 sent!
Message 13614 sent!
Message 13615 sent!
Message 13616 sent!
Message 13617 sent!
Message 13619 sent!
Message 13620 sent!
Message 13621 sent!
Message 13622 sent!
Message 13625 sent!
Message 13626 sent!
Message 13627 sent!
Message 5449 sent!
Message 5450 sent!
Message 5451 sent!
Message 5452 sent!
Message 5453 sent!
Message 5454 sent!
Message 5455 sent!
Message 5456 sent!
Message 5457 sent!
Message 5458 sent!
Message 5459 sent!
Message 5460 sent!
Message 5461 sent!
Message 5462 sent!
Message 5463 sent!
Message 5464 sent!
Message 5465 sent!
Message 5466 sent!
Message 5467 sent!
Message 5468 sent!
Message 3988 sent!
Message 3989 sent!
Message 3990 sent!
Message 3991 sent!
Message 3992 sent!
Message 3993 sent!
Message 3994 sent!
Message 3995 sent!
Message 3996 sent!
Message 3997 sent!
Message 3999 sent!
Message 4000 sent!
Message 4003 sent!
Message 4005 sent!
Message 4007 sent!
Message 4008 sent!
Message 4009 sent!
Message 4010 sent!
Message 4011 sent!
Message 4012 sent!
Message 3951 sent!
Message 3953 sent!
Message 3954 sent!
Message 3955 sent!
Message 6745 sent!
Message 6747 sent!
Message 6748 sent!
Message 6752 sent!
Message 6753 sent!
Message 6757 sent!
Message 6763 sent!
Message 6765 sent!
Message 6768 sent!
Message 6779 sent!
Message 6790 sent!
Message 6795 sent!
Message 6799 sent!
Message 6804 sent!
Message 6807 sent!
Message 6809 sent!
Message 6811 sent!
Message 6816 sent!
Message 6818 sent!
Message 6819 sent!
Message 6689 sent!
Message 6690 sent!
Message 6691 sent!
Message 6695 sent!
Message 6696 sent!
Message 6697 sent!
Message 6698 sent!
Message 6702 sent!
Message 6705 sent!
Message 6706 sent!
Message 6709 sent!
Message 6716 sent!
Message 6718 sent!
Message 6721 sent!
Message 6724 sent!
Message 6728 sent!
Message 6737 sent!
Message 6738 sent!
Message 6741 sent!
Message 6744 sent!
Message 1370 sent!
Message 1373 sent!
Message 1374 sent!
Message 2112 sent!
Message 2126 sent!
Message 2135 sent!
Message 2152 sent!
Message 2155 sent!
Message 2161 sent!
Message 2166 sent!
Message 3910 sent!
Message 3911 sent!
Message 3912 sent!
Message 3913 sent!
Message 3914 sent!
Message 3915 sent!
Message 3916 sent!
Message 3917 sent!
Message 3918 sent!
Message 3919 sent!
Message 3920 sent!
Message 3921 sent!
Message 3922 sent!
Message 3923 sent!
Message 3924 sent!
Message 3925 sent!
Message 3926 sent!
Message 3927 sent!
Message 3928 sent!
Message 3929 sent!
Message 3020 sent!
Message 1681 sent!
Message 1684 sent!
Message 1685 sent!
Message 174 sent!
Message 175 sent!
Message 176 sent!
Message 177 sent!
Message 178 sent!
Message 180 sent!
Message 181 sent!
Message 3887 sent!
Message 3888 sent!
Message 3889 sent!
Message 3890 sent!
Message 3891 sent!
Message 3892 sent!
Message 3895 sent!
Message 3896 sent!
Message 3897 sent!
Message 3898 sent!
Message 3899 sent!
Message 3900 sent!
Message 3901 sent!
Message 3902 sent!
Message 3903 sent!
Message 16017 sent!
Message 16018 sent!
Message 16019 sent!
Message 16020 sent!
Message 16021 sent!
Message 16022 sent!
Message 8012 sent!
Message 8013 sent!
Message 8015 sent!
Message 8017 sent!
Message 8030 sent!
Message 8044 sent!
Message 8053 sent!
Message 8054 sent!
Message 8055 sent!
Message 8058 sent!
Message 8065 sent!
Message 8077 sent!
Message 8084 sent!
Message 8085 sent!
Message 8092 sent!
Message 8103 sent!
Message 8113 sent!
Message 8116 sent!
Message 1747 sent!
Message 1748 sent!
Message 1750 sent!
Message 1755 sent!
Message 15961 sent!
Message 15962 sent!
Message 15963 sent!
Message 15965 sent!
Message 15966 sent!
Message 15967 sent!
Message 15969 sent!
Message 15971 sent!
Message 15972 sent!
Message 15973 sent!
Message 15974 sent!
Message 15975 sent!
Message 15976 sent!
Message 15977 sent!
Message 15978 sent!
Message 15979 sent!
Message 15980 sent!
Message 15985 sent!
Message 15988 sent!
Message 15989 sent!
Message 15934 sent!
Message 15935 sent!
Message 15940 sent!
Message 15941 sent!
Message 15942 sent!
Message 15944 sent!
Message 15945 sent!
Message 15946 sent!
Message 15947 sent!
Message 15948 sent!
Message 15949 sent!
Message 15950 sent!
Message 15951 sent!
Message 15954 sent!
Message 15955 sent!
Message 15956 sent!
Message 15957 sent!
Message 15958 sent!
Message 15959 sent!
Message 15960 sent!
Message 4715 sent!
Message 4719 sent!
Message 4720 sent!
Message 2818 sent!
Message 2819 sent!
Message 2820 sent!
Message 2821 sent!
Message 2822 sent!
Message 2823 sent!
Message 2824 sent!
Message 15913 sent!
Message 15912 sent!
Message 15914 sent!
Message 15915 sent!
Message 15916 sent!
Message 15917 sent!
Message 15918 sent!
Message 15919 sent!
Message 15920 sent!
Message 15921 sent!
Message 15922 sent!
Message 15923 sent!
Message 15924 sent!
Message 15925 sent!
Message 15927 sent!
Message 15929 sent!
Message 15930 sent!
Message 15931 sent!
Message 15932 sent!
Message 15933 sent!
Message 969 sent!
Message 10763 sent!
Message 7871 sent!
Message 7870 sent!
Message 7869 sent!
Message 7872 sent!
Message 7875 sent!
Message 7874 sent!
Message 7879 sent!
Message 653 sent!
Message 654 sent!
Message 655 sent!
Message 656 sent!
Message 657 sent!
Message 658 sent!
Message 663 sent!
Message 664 sent!
Message 665 sent!
Message 666 sent!
Message 11159 sent!
Message 11160 sent!
Message 11161 sent!
Message 11166 sent!
Message 11167 sent!
Message 11168 sent!
Message 11169 sent!
Message 11171 sent!
Message 11172 sent!
Message 11173 sent!
Message 11174 sent!
Message 11175 sent!
Message 11176 sent!
Message 11177 sent!
Message 11178 sent!
Message 11179 sent!
Message 11180 sent!
Message 11181 sent!
Message 11186 sent!
Message 11191 sent!
Message 8277 sent!
Message 8281 sent!
Message 8285 sent!
Message 8287 sent!
Message 8290 sent!
Message 8295 sent!
Message 8299 sent!
Message 8306 sent!
Message 8307 sent!
Message 8308 sent!
Message 8309 sent!
Message 8310 sent!
Message 8312 sent!
Message 8313 sent!
Message 8316 sent!
Message 8320 sent!
Message 8325 sent!
Message 8329 sent!
Message 8332 sent!
Message 13792 sent!
Message 13793 sent!
Message 13794 sent!
Message 13795 sent!
Message 13796 sent!
Message 13797 sent!
Message 13798 sent!
Message 13799 sent!
Message 13800 sent!
Message 13801 sent!
Message 13803 sent!
Message 13805 sent!
Message 13806 sent!
Message 13807 sent!
Message 13808 sent!
Message 13812 sent!
Message 13815 sent!
Message 13816 sent!
Message 13817 sent!
Message 13818 sent!
Message 7828 sent!
Message 7831 sent!
Message 7830 sent!
Message 7829 sent!
Message 7832 sent!
Message 7833 sent!
Message 7835 sent!
Message 7834 sent!
Message 7839 sent!
Message 7838 sent!
Message 7837 sent!
Message 7836 sent!
Message 7846 sent!
Message 7845 sent!
Message 7844 sent!
Message 7843 sent!
Message 7842 sent!
Message 7841 sent!
Message 7840 sent!
Message 7848 sent!
Message 390 sent!
Message 704 sent!
Message 705 sent!
Message 706 sent!
Message 1543 sent!
Message 1544 sent!
Message 1545 sent!
Message 1546 sent!
Message 1547 sent!
Message 1548 sent!
Message 1549 sent!
Message 1550 sent!
Message 1551 sent!
Message 1552 sent!
Message 1553 sent!
Message 1554 sent!
Message 1555 sent!
Message 1557 sent!
Message 1556 sent!
Message 1558 sent!
Message 4262 sent!
Message 4264 sent!
Message 4266 sent!
Message 4267 sent!
Message 4269 sent!
Message 4270 sent!
Message 4271 sent!
Message 4272 sent!
Message 4273 sent!
Message 4274 sent!
Message 4278 sent!
Message 4279 sent!
Message 4280 sent!
Message 4281 sent!
Message 4282 sent!
Message 4286 sent!
Message 4287 sent!
Message 4288 sent!
Message 4297 sent!
Message 4298 sent!
Message 11386 sent!
Message 11389 sent!
Message 11392 sent!
Message 11398 sent!
Message 11405 sent!
Message 11408 sent!
Message 11409 sent!
Message 11413 sent!
Message 11419 sent!
Message 11420 sent!
Message 11434 sent!
Message 11435 sent!
Message 11437 sent!
Message 11440 sent!
Message 11450 sent!
Message 11454 sent!
Message 11455 sent!
Message 11457 sent!
Message 11461 sent!
Message 11462 sent!
Message 1536 sent!
Message 1537 sent!
Message 1538 sent!
Message 2267 sent!
Message 1041 sent!
Message 1042 sent!
Message 1043 sent!
Message 1044 sent!
Message 1045 sent!
Message 1046 sent!
Message 1047 sent!
Message 1048 sent!
Message 1049 sent!
Message 1050 sent!
Message 1051 sent!
Message 1052 sent!
Message 589 sent!
Message 590 sent!
Message 591 sent!
Message 592 sent!
Message 593 sent!
Message 594 sent!
Message 595 sent!
Message 596 sent!
Message 597 sent!
Message 598 sent!
Message 599 sent!
Message 600 sent!
Message 601 sent!
Message 602 sent!
Message 603 sent!
Message 605 sent!
Message 606 sent!
Message 607 sent!
Message 608 sent!
Message 609 sent!
Message 1800 sent!
Message 1801 sent!
Message 1802 sent!
Message 1804 sent!
Message 1803 sent!
Message 1805 sent!
Message 1808 sent!
Message 1815 sent!
Message 1869 sent!
Message 4834 sent!
Message 4836 sent!
Message 4837 sent!
Message 4839 sent!
Message 4841 sent!
Message 4842 sent!
Message 4844 sent!
Message 4845 sent!
Message 4846 sent!
Message 4847 sent!
Message 4848 sent!
Message 4849 sent!
Message 4850 sent!
Message 4851 sent!
Message 4852 sent!
Message 4855 sent!
Message 4862 sent!
Message 4863 sent!
Message 4864 sent!
Message 4865 sent!
Message 1787 sent!
Message 1791 sent!
Message 1792 sent!
Message 1799 sent!
Message 1806 sent!
Message 1817 sent!
Message 1818 sent!
Message 1819 sent!
Message 1822 sent!
Message 1825 sent!
Message 1832 sent!
Message 1833 sent!
Message 1835 sent!
Message 1839 sent!
Message 1858 sent!
Message 1864 sent!
Message 1867 sent!
Message 1868 sent!
Message 1869 sent!
Message 1871 sent!
Message 13854 sent!
Message 13855 sent!
Message 13856 sent!
Message 13857 sent!
Message 13858 sent!
Message 13859 sent!
Message 13860 sent!
Message 13864 sent!
Message 13865 sent!
Message 13866 sent!
Message 13867 sent!
Message 13868 sent!
Message 13869 sent!
Message 13870 sent!
Message 13871 sent!
Message 13876 sent!
Message 13877 sent!
Message 13880 sent!
Message 13881 sent!
Message 13886 sent!
Message 10697 sent!
Message 10699 sent!
Message 10698 sent!
Message 10700 sent!
Message 10701 sent!
Message 10702 sent!
Message 10703 sent!
Message 10704 sent!
Message 10713 sent!
Message 10714 sent!
Message 10717 sent!
Message 10719 sent!
Message 10727 sent!
Message 10728 sent!
Message 10730 sent!
Message 10731 sent!
Message 10733 sent!
Message 10732 sent!
Message 10734 sent!
Message 10739 sent!
Message 4177 sent!
Message 4178 sent!
Message 4179 sent!
Message 4180 sent!
Message 4181 sent!
Message 4182 sent!
Message 4187 sent!
Message 4188 sent!
Message 4190 sent!
Message 4191 sent!
Message 4192 sent!
Message 4193 sent!
Message 4194 sent!
Message 4195 sent!
Message 4196 sent!
Message 4197 sent!
Message 4198 sent!
Message 4199 sent!
Message 4200 sent!
Message 4139 sent!
Message 4140 sent!
Message 4141 sent!
Message 4143 sent!
Message 4144 sent!
Message 4145 sent!
Message 4146 sent!
Message 4147 sent!
Message 4148 sent!
Message 8462 sent!
Message 8463 sent!
Message 8464 sent!
Message 8485 sent!
Message 8495 sent!
Message 8506 sent!
Message 8511 sent!
Message 8525 sent!
Message 8534 sent!
Message 8535 sent!
Message 8544 sent!
Message 8549 sent!
Message 8555 sent!
Message 8571 sent!
Message 8583 sent!
Message 8594 sent!
Message 8598 sent!
Message 8600 sent!
Message 8606 sent!
Message 8622 sent!
Message 837 sent!
Message 838 sent!
Message 839 sent!
Message 840 sent!
Message 841 sent!
Message 842 sent!
Message 843 sent!
Message 844 sent!
Message 845 sent!
Message 846 sent!
Message 847 sent!
Message 848 sent!
Message 849 sent!
Message 850 sent!
Message 851 sent!
Message 852 sent!
Message 853 sent!
Message 855 sent!
Message 856 sent!
Message 10668 sent!
Message 10669 sent!
Message 10670 sent!
Message 10671 sent!
Message 10673 sent!
Message 10674 sent!
Message 10675 sent!
Message 10676 sent!
Message 10677 sent!
Message 10678 sent!
Message 10679 sent!
Message 10680 sent!
Message 10681 sent!
Message 10682 sent!
Message 10683 sent!
Message 10684 sent!
Message 10690 sent!
Message 10691 sent!
Message 10692 sent!
Message 10696 sent!
Message 8267 sent!
Message 8286 sent!
Message 8288 sent!
Message 8289 sent!
Message 8297 sent!
Message 8310 sent!
Message 8366 sent!
Message 8367 sent!
Message 8378 sent!
Message 8379 sent!
Message 8385 sent!
Message 8408 sent!
Message 8412 sent!
Message 8427 sent!
Message 8444 sent!
Message 8445 sent!
Message 8446 sent!
Message 8448 sent!
Message 8451 sent!
Message 8457 sent!
Message 4820 sent!
Message 4821 sent!
Message 4822 sent!
Message 4823 sent!
Message 4825 sent!
Message 4826 sent!
Message 4827 sent!
Message 4828 sent!
Message 4829 sent!
Message 4830 sent!
Message 4831 sent!
Message 4832 sent!
Message 13920 sent!
Message 13921 sent!
Message 13922 sent!
Message 13923 sent!
Message 13924 sent!
Message 13930 sent!
Message 13932 sent!
Message 13933 sent!
Message 13934 sent!
Message 13935 sent!
Message 4202 sent!
Message 4203 sent!
Message 4204 sent!
Message 4205 sent!
Message 4206 sent!
Message 4207 sent!
Message 4208 sent!
Message 4210 sent!
Message 4211 sent!
Message 4218 sent!
Message 4219 sent!
Message 4220 sent!
Message 4221 sent!
Message 4222 sent!
Message 4223 sent!
Message 4224 sent!
Message 4225 sent!
Message 4227 sent!
Message 4228 sent!
Message 4229 sent!
Message 5306 sent!
Message 5308 sent!
Message 5312 sent!
Message 5324 sent!
Message 5330 sent!
Message 5332 sent!
Message 4866 sent!
Message 4867 sent!
Message 4868 sent!
Message 4869 sent!
Message 4871 sent!
Message 4872 sent!
Message 4873 sent!
Message 4875 sent!
Message 4876 sent!
Message 4877 sent!
Message 4878 sent!
Message 4879 sent!
Message 4880 sent!
Message 4881 sent!
Message 4882 sent!
Message 4884 sent!
Message 4885 sent!
Message 4886 sent!
Message 4887 sent!
Message 4888 sent!
Message 569 sent!
Message 570 sent!
Message 571 sent!
Message 572 sent!
Message 573 sent!
Message 575 sent!
Message 577 sent!
Message 579 sent!
Message 580 sent!
Message 582 sent!
Message 585 sent!
Message 586 sent!
Message 587 sent!
Message 588 sent!
Message 4642 sent!
Message 4643 sent!
Message 4644 sent!
Message 4646 sent!
Message 4647 sent!
Message 4648 sent!
Message 4649 sent!
Message 4653 sent!
Message 4654 sent!
Message 4659 sent!
Message 4660 sent!
Message 4661 sent!
Message 4665 sent!
Message 1191 sent!
Message 1193 sent!
Message 1194 sent!
Message 1195 sent!
Message 1196 sent!
Message 1197 sent!
Message 1198 sent!
Message 1199 sent!
Message 1200 sent!
Message 1201 sent!
Message 1205 sent!
Message 483 sent!
Message 1856 sent!
Message 1857 sent!
Message 1858 sent!
Message 1865 sent!
Message 1868 sent!
Message 13779 sent!
Message 13780 sent!
Message 13781 sent!
Message 13783 sent!
Message 13789 sent!
Message 13790 sent!
Message 13791 sent!
Message 633 sent!
Message 635 sent!
Message 636 sent!
Message 637 sent!
Message 638 sent!
Message 639 sent!
Message 640 sent!
Message 641 sent!
Message 642 sent!
Message 1600 sent!
Message 1540 sent!
Message 1541 sent!
Message 1542 sent!
Message 1543 sent!
Message 1544 sent!
Message 1545 sent!
Message 1547 sent!
Message 1548 sent!
Message 1549 sent!
Message 1550 sent!
Message 1552 sent!
Message 1551 sent!
Message 1553 sent!
Message 1554 sent!
Message 1555 sent!
Message 1556 sent!
Message 1557 sent!
Message 1558 sent!
Message 1559 sent!
Message 1560 sent!
Message 7802 sent!
Message 7801 sent!
Message 7804 sent!
Message 7805 sent!
Message 7807 sent!
Message 7806 sent!
Message 7813 sent!
Message 7812 sent!
Message 7814 sent!
Message 7815 sent!
Message 7817 sent!
Message 7816 sent!
Message 7819 sent!
Message 7821 sent!
Message 7820 sent!
Message 7822 sent!
Message 7823 sent!
Message 7825 sent!
Message 7826 sent!
Message 7827 sent!
Message 11111 sent!
Message 11112 sent!
Message 11113 sent!
Message 11114 sent!
Message 11115 sent!
Message 11116 sent!
Message 11117 sent!
Message 11118 sent!
Message 11119 sent!
Message 11120 sent!
Message 11121 sent!
Message 11122 sent!
Message 11123 sent!
Message 11125 sent!
Message 11126 sent!
Message 11128 sent!
Message 11129 sent!
Message 11130 sent!
Message 11131 sent!
Message 11132 sent!
Message 204 sent!
Message 205 sent!
Message 206 sent!
Message 1986 sent!
Message 1987 sent!
Message 1988 sent!
Message 1989 sent!
Message 1997 sent!
Message 1999 sent!
Message 2000 sent!
Message 2001 sent!
Message 2002 sent!
Message 2003 sent!
Message 2004 sent!
Message 2006 sent!
Message 2007 sent!
Message 2010 sent!
Message 2011 sent!
Message 2012 sent!
Message 2013 sent!
Message 2014 sent!
Message 2015 sent!
Message 2016 sent!
Message 1214 sent!
Message 1213 sent!
Message 1212 sent!
Message 1215 sent!
Message 1216 sent!
Message 1217 sent!
Message 16840 sent!
Message 16998 sent!
Message 17008 sent!
Message 17033 sent!
Message 17057 sent!
Message 10914 sent!
Message 10917 sent!
Message 10922 sent!
Message 10924 sent!
Message 10925 sent!
Message 10930 sent!
Message 10931 sent!
Message 10932 sent!
Message 10933 sent!
Message 10935 sent!
Message 10938 sent!
Message 10942 sent!
Message 10944 sent!
Message 10945 sent!
Message 10946 sent!
Message 10947 sent!
Message 10948 sent!
Message 10949 sent!
Message 10952 sent!
Message 10953 sent!
Message 933 sent!
Message 935 sent!
Message 937 sent!
Message 1941 sent!
Message 1942 sent!
Message 1943 sent!
Message 4299 sent!
Message 4300 sent!
Message 4301 sent!
Message 4302 sent!
Message 4307 sent!
Message 4308 sent!
Message 4309 sent!
Message 4312 sent!
Message 4315 sent!
Message 4316 sent!
Message 4317 sent!
Message 4318 sent!
Message 4323 sent!
Message 4325 sent!
Message 4326 sent!
Message 4327 sent!
Message 4330 sent!
Message 4331 sent!
Message 4332 sent!
Message 4333 sent!
Message 7572 sent!
Message 7571 sent!
Message 7574 sent!
Message 7575 sent!
Message 7576 sent!
Message 7578 sent!
Message 7577 sent!
Message 7580 sent!
Message 7584 sent!
Message 7583 sent!
Message 7582 sent!
Message 7581 sent!
Message 7588 sent!
Message 7587 sent!
Message 7586 sent!
Message 7592 sent!
Message 7591 sent!
Message 7590 sent!
Message 7595 sent!
Message 7597 sent!
Message 968 sent!
Message 10871 sent!
Message 10872 sent!
Message 10878 sent!
Message 10884 sent!
Message 10886 sent!
Message 10887 sent!
Message 10890 sent!
Message 10891 sent!
Message 10892 sent!
Message 10895 sent!
Message 10896 sent!
Message 10897 sent!
Message 10898 sent!
Message 10901 sent!
Message 10902 sent!
Message 10908 sent!
Message 10909 sent!
Message 10910 sent!
Message 10912 sent!
Message 10913 sent!
Message 3312 sent!
Message 3313 sent!
Message 2305 sent!
Message 2306 sent!
Message 2308 sent!
Message 2310 sent!
Message 2311 sent!
Message 2313 sent!
Message 2314 sent!
Message 2315 sent!
Message 2317 sent!
Message 2318 sent!
Message 2319 sent!
Message 2320 sent!
Message 2321 sent!
Message 2322 sent!
Message 2385 sent!
Message 2386 sent!
Message 2392 sent!
Message 2393 sent!
Message 16023 sent!
Message 16024 sent!
Message 16025 sent!
Message 16026 sent!
Message 16028 sent!
Message 16029 sent!
Message 16030 sent!
Message 16031 sent!
Message 16032 sent!
Message 16033 sent!
Message 16035 sent!
Message 16036 sent!
Message 16037 sent!
Message 16038 sent!
Message 16039 sent!
Message 16040 sent!
Message 16041 sent!
Message 16042 sent!
Message 16043 sent!
Message 16044 sent!
Message 8146 sent!
Message 8158 sent!
Message 8170 sent!
Message 8182 sent!
Message 8183 sent!
Message 8185 sent!
Message 8186 sent!
Message 8187 sent!
Message 8191 sent!
Message 8200 sent!
Message 8203 sent!
Message 8210 sent!
Message 8219 sent!
Message 8228 sent!
Message 8234 sent!
Message 8253 sent!
Message 8254 sent!
Message 8258 sent!
Message 8259 sent!
Message 8260 sent!
Message 10633 sent!
Message 10634 sent!
Message 10636 sent!
Message 10637 sent!
Message 10640 sent!
Message 10643 sent!
Message 10644 sent!
Message 10645 sent!
Message 10647 sent!
Message 10646 sent!
Message 10648 sent!
Message 10649 sent!
Message 10650 sent!
Message 10651 sent!
Message 10652 sent!
Message 10657 sent!
Message 10658 sent!
Message 10659 sent!
Message 10660 sent!
Message 10667 sent!
Message 2775 sent!
Message 2780 sent!
Message 2782 sent!
Message 2785 sent!
Message 2786 sent!
Message 2787 sent!
Message 2790 sent!
Message 2793 sent!
Message 15990 sent!
Message 15991 sent!
Message 15992 sent!
Message 15993 sent!
Message 15994 sent!
Message 15995 sent!
Message 15996 sent!
Message 15998 sent!
Message 16007 sent!
Message 16010 sent!
Message 16012 sent!
Message 16014 sent!
Message 16015 sent!
Message 16016 sent!
Message 506 sent!
Message 4304 sent!
Message 4305 sent!
Message 4307 sent!
Message 4309 sent!
Message 4314 sent!
Message 4316 sent!
Message 4320 sent!
Message 4326 sent!
Message 4331 sent!
Message 4341 sent!
Message 4344 sent!
Message 4347 sent!
Message 4355 sent!
Message 4357 sent!
Message 4364 sent!
Message 4368 sent!
Message 4369 sent!
Message 4370 sent!
Message 4380 sent!
Message 4381 sent!
Message 2269 sent!
Message 2270 sent!
Message 2271 sent!
Message 2272 sent!
Message 2273 sent!
Message 2274 sent!
Message 2275 sent!
Message 2276 sent!
Message 2277 sent!
Message 2278 sent!
Message 2279 sent!
Message 2280 sent!
Message 2281 sent!
Message 2282 sent!
Message 2283 sent!
Message 2284 sent!
Message 2285 sent!
Message 2286 sent!
Message 2287 sent!
Message 2288 sent!
Message 1519 sent!
Message 1521 sent!
Message 1523 sent!
Message 1524 sent!
Message 1527 sent!
Message 1528 sent!
Message 1532 sent!
Message 1533 sent!
Message 1534 sent!
Message 1536 sent!
Message 1537 sent!
Message 1538 sent!
Message 1545 sent!
Message 1548 sent!
Message 1553 sent!
Message 1554 sent!
Message 1555 sent!
Message 26188 sent!
Message 26197 sent!
Message 26199 sent!
Message 26206 sent!
Message 26222 sent!
Message 26237 sent!
Message 26238 sent!
Message 26247 sent!
Message 26258 sent!
Message 26264 sent!
Message 26279 sent!
Message 26284 sent!
Message 26311 sent!
Message 26315 sent!
Message 26317 sent!
Message 26320 sent!
Message 26327 sent!
Message 26333 sent!
Message 26338 sent!
Message 26341 sent!
Message 4290 sent!
Message 4293 sent!
Message 4300 sent!
Message 6806 sent!
Message 6815 sent!
Message 6823 sent!
Message 6834 sent!
Message 6835 sent!
Message 6836 sent!
Message 6837 sent!
Message 6838 sent!
Message 6839 sent!
Message 6840 sent!
Message 6842 sent!
Message 6845 sent!
Message 6848 sent!
Message 6849 sent!
Message 6857 sent!
Message 6858 sent!
Message 6862 sent!
Message 6881 sent!
Message 6900 sent!
Message 825 sent!
Message 826 sent!
Message 827 sent!
Message 828 sent!
Message 831 sent!
Message 832 sent!
Message 835 sent!
Message 836 sent!
Message 837 sent!
Message 840 sent!
Message 842 sent!
Message 843 sent!
Message 847 sent!
Message 16125 sent!
Message 16126 sent!
Message 16128 sent!
Message 16127 sent!
Message 16129 sent!
Message 16130 sent!
Message 16131 sent!
Message 16132 sent!
Message 16134 sent!
Message 16135 sent!
Message 16137 sent!
Message 16138 sent!
Message 16140 sent!
Message 16139 sent!
Message 16143 sent!
Message 16144 sent!
Message 16145 sent!
Message 16146 sent!
Message 16149 sent!
Message 16150 sent!
Message 1969 sent!
Message 1970 sent!
Message 1975 sent!
Message 946 sent!
Message 17803 sent!
Message 17804 sent!
Message 17805 sent!
Message 17811 sent!
Message 17818 sent!
Message 17819 sent!
Message 17820 sent!
Message 17824 sent!
Message 17826 sent!
Message 17827 sent!
Message 17830 sent!
Message 17835 sent!
Message 17837 sent!
Message 17853 sent!
Message 17857 sent!
Message 17877 sent!
Message 17885 sent!
Message 17886 sent!
Message 17887 sent!
Message 17890 sent!
Message 557 sent!
Message 558 sent!
Message 559 sent!
Message 561 sent!
Message 563 sent!
Message 564 sent!
Message 565 sent!
Message 566 sent!
Message 567 sent!
Message 569 sent!
Message 570 sent!
Message 571 sent!
Message 572 sent!
Message 573 sent!
Message 574 sent!
Message 575 sent!
Message 576 sent!
Message 577 sent!
Message 578 sent!
Message 579 sent!
Message 2900 sent!
Message 2905 sent!
Message 17078 sent!
Message 17081 sent!
Message 17084 sent!
Message 17085 sent!
Message 17086 sent!
Message 17087 sent!
Message 17088 sent!
Message 17089 sent!
Message 17090 sent!
Message 17093 sent!
Message 17095 sent!
Message 17097 sent!
Message 17099 sent!
Message 17100 sent!
Message 17101 sent!
Message 17104 sent!
Message 17107 sent!
Message 17108 sent!
Message 2919 sent!
Message 2925 sent!
Message 551 sent!
Message 15567 sent!
Message 15568 sent!
Message 15569 sent!
Message 15570 sent!
Message 15571 sent!
Message 15572 sent!
Message 15573 sent!
Message 15574 sent!
Message 6128 sent!
Message 6130 sent!
Message 6133 sent!
Message 6135 sent!
Message 6137 sent!
Message 6138 sent!
Message 6142 sent!
Message 6143 sent!
Message 6144 sent!
Message 4952 sent!
Message 4953 sent!
Message 4954 sent!
Message 4956 sent!
Message 4955 sent!
Message 4957 sent!
Message 4959 sent!
Message 4961 sent!
Message 1640 sent!
Message 1639 sent!
Message 1641 sent!
Message 1642 sent!
Message 1643 sent!
Message 1644 sent!
Message 1645 sent!
Message 1646 sent!
Message 1647 sent!
Message 1648 sent!
Message 1649 sent!
Message 1650 sent!
Message 1651 sent!
Message 1653 sent!
Message 1654 sent!
Message 16185 sent!
Message 16214 sent!
Message 16215 sent!
Message 16217 sent!
Message 16216 sent!
Message 16219 sent!
Message 16218 sent!
Message 16220 sent!
Message 16226 sent!
Message 16229 sent!
Message 16230 sent!
Message 16231 sent!
Message 16232 sent!
Message 16233 sent!
Message 16234 sent!
Message 16237 sent!
Message 16238 sent!
Message 16249 sent!
Message 16252 sent!
Message 16242 sent!
Message 7047 sent!
Message 7048 sent!
Message 7049 sent!
Message 7050 sent!
Message 7051 sent!
Message 7052 sent!
Message 7053 sent!
Message 7054 sent!
Message 7055 sent!
Message 7056 sent!
Message 7057 sent!
Message 7058 sent!
Message 7059 sent!
Message 7060 sent!
Message 7061 sent!
Message 7062 sent!
Message 7063 sent!
Message 7064 sent!
Message 7065 sent!
Message 7066 sent!
Message 15525 sent!
Message 15526 sent!
Message 15527 sent!
Message 15528 sent!
Message 15529 sent!
Message 15530 sent!
Message 15531 sent!
Message 15532 sent!
Message 15533 sent!
Message 15534 sent!
Message 15535 sent!
Message 15536 sent!
Message 15537 sent!
Message 15538 sent!
Message 15539 sent!
Message 15540 sent!
Message 15541 sent!
Message 15542 sent!
Message 15543 sent!
Message 15546 sent!
Message 14020 sent!
Message 14024 sent!
Message 14027 sent!
Message 14028 sent!
Message 14029 sent!
Message 14030 sent!
Message 10791 sent!
Message 10792 sent!
Message 10793 sent!
Message 10795 sent!
Message 10796 sent!
Message 10797 sent!
Message 10798 sent!
Message 10800 sent!
Message 10803 sent!
Message 10804 sent!
Message 10805 sent!
Message 10806 sent!
Message 10808 sent!
Message 10809 sent!
Message 10813 sent!
Message 10815 sent!
Message 10816 sent!
Message 10817 sent!
Message 10818 sent!
Message 10819 sent!
Message 438 sent!
Message 439 sent!
Message 699 sent!
Message 602 sent!
Message 603 sent!
Message 605 sent!
Message 607 sent!
Message 608 sent!
Message 609 sent!
Message 610 sent!
Message 1559 sent!
Message 1560 sent!
Message 1561 sent!
Message 1562 sent!
Message 1563 sent!
Message 1564 sent!
Message 1565 sent!
Message 1566 sent!
Message 1567 sent!
Message 1568 sent!
Message 1569 sent!
Message 1571 sent!
Message 1572 sent!
Message 1573 sent!
Message 1574 sent!
Message 1575 sent!
Message 1576 sent!
Message 1577 sent!
Message 1578 sent!
Message 1579 sent!
Message 11544 sent!
Message 11548 sent!
Message 11551 sent!
Message 11571 sent!
Message 11572 sent!
Message 11576 sent!
Message 11577 sent!
Message 11578 sent!
Message 11580 sent!
Message 11584 sent!
Message 11589 sent!
Message 11593 sent!
Message 11605 sent!
Message 11618 sent!
Message 11625 sent!
Message 11626 sent!
Message 11627 sent!
Message 11628 sent!
Message 11629 sent!
Message 11634 sent!
Message 11466 sent!
Message 11467 sent!
Message 11469 sent!
Message 11470 sent!
Message 11473 sent!
Message 11474 sent!
Message 11475 sent!
Message 11483 sent!
Message 11484 sent!
Message 11485 sent!
Message 11491 sent!
Message 11493 sent!
Message 11499 sent!
Message 11508 sent!
Message 11513 sent!
Message 11522 sent!
Message 11529 sent!
Message 11533 sent!
Message 11539 sent!
Message 11540 sent!
Message 1541 sent!
Message 1540 sent!
Message 1539 sent!
Message 1542 sent!
Message 15601 sent!
Message 15604 sent!
Message 15606 sent!
Message 15607 sent!
Message 15608 sent!
Message 15609 sent!
Message 15612 sent!
Message 15616 sent!
Message 15617 sent!
Message 1166 sent!
Message 1092 sent!
Message 1093 sent!
Message 1097 sent!
Message 1098 sent!
Message 1105 sent!
Message 1107 sent!
Message 1108 sent!
Message 1111 sent!
Message 1113 sent!
Message 1114 sent!
Message 1115 sent!
Message 1116 sent!
Message 1117 sent!
Message 1118 sent!
Message 1119 sent!
Message 1120 sent!
Message 1121 sent!
Message 2468 sent!
Message 2469 sent!
Message 2470 sent!
Message 2471 sent!
Message 2472 sent!
Message 2473 sent!
Message 4749 sent!
Message 4750 sent!
Message 4751 sent!
Message 4755 sent!
Message 4758 sent!
Message 4763 sent!
Message 4764 sent!
Message 4767 sent!
Message 135 sent!
Message 137 sent!
Message 140 sent!
Message 141 sent!
Message 142 sent!
Message 144 sent!
Message 146 sent!
Message 7108 sent!
Message 7109 sent!
Message 7110 sent!
Message 7111 sent!
Message 7112 sent!
Message 7113 sent!
Message 7115 sent!
Message 7116 sent!
Message 7117 sent!
Message 7120 sent!
Message 7122 sent!
Message 7123 sent!
Message 7124 sent!
Message 7125 sent!
Message 7126 sent!
Message 7127 sent!
Message 7128 sent!
Message 7129 sent!
Message 7130 sent!
Message 7131 sent!
Message 562 sent!
Message 645 sent!
Message 646 sent!
Message 647 sent!
Message 648 sent!
Message 649 sent!
Message 650 sent!
Message 652 sent!
Message 651 sent!
Message 653 sent!
Message 654 sent!
Message 655 sent!
Message 656 sent!
Message 657 sent!
Message 658 sent!
Message 659 sent!
Message 660 sent!
Message 661 sent!
Message 662 sent!
Message 663 sent!
Message 2523 sent!
Message 2527 sent!
Message 2543 sent!
Message 2544 sent!
Message 2549 sent!
Message 2551 sent!
Message 2554 sent!
Message 2563 sent!
Message 2566 sent!
Message 2567 sent!
Message 2569 sent!
Message 2572 sent!
Message 15521 sent!
Message 15522 sent!
Message 15523 sent!
Message 15524 sent!
Message 7004 sent!
Message 7005 sent!
Message 7006 sent!
Message 7007 sent!
Message 7009 sent!
Message 7010 sent!
Message 7011 sent!
Message 7012 sent!
Message 7013 sent!
Message 7014 sent!
Message 7015 sent!
Message 7016 sent!
Message 7017 sent!
Message 7018 sent!
Message 7019 sent!
Message 7020 sent!
Message 7021 sent!
Message 7022 sent!
Message 8422 sent!
Message 8432 sent!
Message 8433 sent!
Message 8434 sent!
Message 8436 sent!
Message 8461 sent!
Message 8467 sent!
Message 8469 sent!
Message 8470 sent!
Message 8472 sent!
Message 8473 sent!
Message 8475 sent!
Message 8481 sent!
Message 8483 sent!
Message 8486 sent!
Message 8487 sent!
Message 8490 sent!
Message 8493 sent!
Message 8496 sent!
Message 1976 sent!
Message 1977 sent!
Message 1983 sent!
Message 1984 sent!
Message 1994 sent!
Message 1995 sent!
Message 2004 sent!
Message 2005 sent!
Message 2007 sent!
Message 2008 sent!
Message 2009 sent!
Message 2010 sent!
Message 2012 sent!
Message 2013 sent!
Message 2014 sent!
Message 2015 sent!
Message 2017 sent!
Message 2018 sent!
Message 2019 sent!
Message 2020 sent!
Message 7441 sent!
Message 7442 sent!
Message 7443 sent!
Message 7445 sent!
Message 7446 sent!
Message 7448 sent!
Message 7449 sent!
Message 7450 sent!
Message 7451 sent!
Message 7452 sent!
Message 7453 sent!
Message 7454 sent!
Message 7455 sent!
Message 7464 sent!
Message 7465 sent!
Message 7466 sent!
Message 7470 sent!
Message 7472 sent!
Message 7473 sent!
Message 582 sent!
Message 583 sent!
Message 584 sent!
Message 585 sent!
Message 586 sent!
Message 587 sent!
Message 588 sent!
Message 589 sent!
Message 590 sent!
Message 591 sent!
Message 592 sent!
Message 593 sent!
Message 594 sent!
Message 595 sent!
Message 596 sent!
Message 597 sent!
Message 598 sent!
Message 599 sent!
Message 600 sent!
Message 601 sent!
Message 3275 sent!
Message 1246 sent!
Message 1247 sent!
Message 1248 sent!
Message 1258 sent!
Message 1259 sent!
Message 1267 sent!
Message 1272 sent!
Message 1281 sent!
Message 1282 sent!
Message 1284 sent!
Message 1293 sent!
Message 4802 sent!
Message 4812 sent!
Message 4814 sent!
Message 4815 sent!
Message 4820 sent!
Message 4821 sent!
Message 4823 sent!
Message 4837 sent!
Message 4838 sent!
Message 4839 sent!
Message 4840 sent!
Message 4841 sent!
Message 4842 sent!
Message 4844 sent!
Message 4845 sent!
Message 4846 sent!
Message 4847 sent!
Message 4848 sent!
Message 4861 sent!
Message 4862 sent!
Message 985 sent!
Message 986 sent!
Message 991 sent!
Message 992 sent!
Message 997 sent!
Message 1000 sent!
Message 1002 sent!
Message 1003 sent!
Message 1006 sent!
Message 1007 sent!
Message 1008 sent!
Message 1009 sent!
Message 1022 sent!
Message 1024 sent!
Message 1026 sent!
Message 1032 sent!
Message 1036 sent!
Message 1045 sent!
Message 1046 sent!
Message 1047 sent!
Message 15641 sent!
Message 15642 sent!
Message 15643 sent!
Message 15645 sent!
Message 15646 sent!
Message 15647 sent!
Message 15649 sent!
Message 15648 sent!
Message 15650 sent!
Message 15651 sent!
Message 15652 sent!
Message 15653 sent!
Message 15654 sent!
Message 15656 sent!
Message 15657 sent!
Message 15660 sent!
Message 15661 sent!
Message 15662 sent!
Message 15663 sent!
Message 15666 sent!
Message 981 sent!
Message 982 sent!
Message 984 sent!
Message 2487 sent!
Message 797 sent!
Message 798 sent!
Message 807 sent!
Message 808 sent!
Message 810 sent!
Message 1124 sent!
Message 1126 sent!
Message 1127 sent!
Message 1138 sent!
Message 1139 sent!
Message 1140 sent!
Message 1142 sent!
Message 1144 sent!
Message 1145 sent!
Message 1146 sent!
Message 1147 sent!
Message 1150 sent!
Message 1151 sent!
Message 1154 sent!
Message 1155 sent!
Message 1156 sent!
Message 1163 sent!
Message 1164 sent!
Message 1165 sent!
Message 15845 sent!
Message 347 sent!
Message 349 sent!
Message 1762 sent!
Message 1763 sent!
Message 1764 sent!
Message 1771 sent!
Message 1774 sent!
Message 1777 sent!
Message 1780 sent!
Message 1779 sent!
Message 1778 sent!
Message 1785 sent!
Message 1786 sent!
Message 1790 sent!
Message 1792 sent!
Message 1793 sent!
Message 1799 sent!
Message 1805 sent!
Message 1804 sent!
Message 1806 sent!
Message 1807 sent!
Message 1809 sent!
Message 2153 sent!
Message 2154 sent!
Message 2155 sent!
Message 2156 sent!
Message 2157 sent!
Message 2159 sent!
Message 2160 sent!
Message 2161 sent!
Message 2162 sent!
Message 2164 sent!
Message 2165 sent!
Message 2167 sent!
Message 2168 sent!
Message 2169 sent!
Message 2170 sent!
Message 2171 sent!
Message 1689 sent!
Message 1690 sent!
Message 1691 sent!
Message 1698 sent!
Message 1702 sent!
Message 1703 sent!
Message 1704 sent!
Message 1705 sent!
Message 1706 sent!
Message 1707 sent!
Message 1735 sent!
Message 1740 sent!
Message 1739 sent!
Message 1742 sent!
Message 1741 sent!
Message 1743 sent!
Message 1748 sent!
Message 1749 sent!
Message 1751 sent!
Message 1754 sent!
Message 15761 sent!
Message 15762 sent!
Message 15764 sent!
Message 15765 sent!
Message 15768 sent!
Message 15774 sent!
Message 15775 sent!
Message 15776 sent!
Message 15777 sent!
Message 15778 sent!
Message 15779 sent!
Message 15780 sent!
Message 15787 sent!
Message 15794 sent!
Message 15795 sent!
Message 15796 sent!
Message 15801 sent!
Message 15803 sent!
Message 15804 sent!
Message 15812 sent!
Message 3 sent!
Message 8 sent!
Message 11 sent!
Message 12 sent!
Message 13 sent!
Message 18 sent!
Message 26 sent!
Message 40 sent!
Message 38 sent!
Message 41 sent!
Message 1088 sent!
Message 1093 sent!
Message 1097 sent!
Message 1098 sent!
Message 1099 sent!
Message 1100 sent!
Message 1105 sent!
Message 1108 sent!
Message 1109 sent!
Message 1116 sent!
Message 1117 sent!
Message 10764 sent!
Message 10768 sent!
Message 10769 sent!
Message 10772 sent!
Message 10773 sent!
Message 10774 sent!
Message 10775 sent!
Message 10776 sent!
Message 10779 sent!
Message 10780 sent!
Message 10781 sent!
Message 10783 sent!
Message 10784 sent!
Message 10785 sent!
Message 10786 sent!
Message 10787 sent!
Message 10788 sent!
Message 10790 sent!
Message 10791 sent!
Message 1144 sent!
Message 1147 sent!
Message 1154 sent!
Message 1157 sent!
Message 1158 sent!
Message 1161 sent!
Message 1162 sent!
Message 1163 sent!
Message 1167 sent!
Message 1169 sent!
Message 1170 sent!
Message 1171 sent!
Message 1172 sent!
Message 1173 sent!
Message 1175 sent!
Message 1176 sent!
Message 1177 sent!
Message 1181 sent!
Message 1182 sent!
Message 1184 sent!
Message 795 sent!
Message 796 sent!
Message 10730 sent!
Message 10733 sent!
Message 10735 sent!
Message 10736 sent!
Message 10737 sent!
Message 10740 sent!
Message 10741 sent!
Message 10742 sent!
Message 10743 sent!
Message 10744 sent!
Message 10745 sent!
Message 10746 sent!
Message 10750 sent!
Message 10751 sent!
Message 10757 sent!
Message 10758 sent!
Message 10759 sent!
Message 10760 sent!
Message 10761 sent!
Message 10762 sent!
Message 461 sent!
Message 2166 sent!
Message 2167 sent!
Message 2169 sent!
Message 696 sent!
Message 697 sent!
Message 698 sent!
Message 699 sent!
Message 701 sent!
Message 2314 sent!
Message 2316 sent!
Message 2319 sent!
Message 2321 sent!
Message 2323 sent!
Message 2325 sent!
Message 2327 sent!
Message 2328 sent!
Message 15886 sent!
Message 15887 sent!
Message 15888 sent!
Message 15889 sent!
Message 15890 sent!
Message 15891 sent!
Message 15892 sent!
Message 15897 sent!
Message 15898 sent!
Message 15900 sent!
Message 15902 sent!
Message 15903 sent!
Message 15904 sent!
Message 15905 sent!
Message 15906 sent!
Message 15907 sent!
Message 15908 sent!
Message 15909 sent!
Message 15910 sent!
Message 15911 sent!
Message 10714 sent!
Message 10716 sent!
Message 2942 sent!
Message 2944 sent!
Message 2945 sent!
Message 2946 sent!
Message 2947 sent!
Message 2948 sent!
Message 2949 sent!
Message 2950 sent!
Message 2951 sent!
Message 2952 sent!
Message 2954 sent!
Message 2955 sent!
Message 2956 sent!
Message 2957 sent!
Message 2958 sent!
Message 2959 sent!
Message 2960 sent!
Message 2961 sent!
Message 987 sent!
Message 807 sent!
Message 809 sent!
Message 810 sent!
Message 814 sent!
Message 815 sent!
Message 816 sent!
Message 817 sent!
Message 818 sent!
Message 819 sent!
Message 820 sent!
Message 2934 sent!
Message 2935 sent!
Message 2936 sent!
Message 2937 sent!
Message 2938 sent!
Message 2939 sent!
Message 15671 sent!
Message 15685 sent!
Message 15689 sent!
Message 15694 sent!
Message 15695 sent!
Message 15696 sent!
Message 15697 sent!
Message 15701 sent!
Message 15702 sent!
Message 15703 sent!
Message 15704 sent!
Message 15705 sent!
Message 15706 sent!
Message 15709 sent!
Message 15708 sent!
Message 15707 sent!
Message 15710 sent!
Message 15712 sent!
Message 15713 sent!
Message 15714 sent!
Message 1049 sent!
Message 1050 sent!
Message 1053 sent!
Message 1054 sent!
Message 1070 sent!
Message 1071 sent!
Message 1072 sent!
Message 1073 sent!
Message 1074 sent!
Message 1075 sent!
Message 1076 sent!
Message 1077 sent!
Message 1078 sent!
Message 1079 sent!
Message 1081 sent!
Message 1082 sent!
Message 1084 sent!
Message 1085 sent!
Message 1086 sent!
Message 1087 sent!
Message 2988 sent!
Message 2989 sent!
Message 2992 sent!
Message 2999 sent!
Message 3000 sent!
Message 3001 sent!
Message 3006 sent!
Message 3255 sent!
Message 3256 sent!
Message 3257 sent!
Message 3258 sent!
Message 3259 sent!
Message 3260 sent!
Message 3261 sent!
Message 3262 sent!
Message 3263 sent!
Message 3264 sent!
Message 3266 sent!
Message 3268 sent!
Message 3269 sent!
Message 3270 sent!
Message 3271 sent!
Message 3272 sent!
Message 3273 sent!
Message 3274 sent!
Message 2020 sent!
Message 2021 sent!
Message 2022 sent!
Message 2024 sent!
Message 2027 sent!
Message 26103 sent!
Message 26104 sent!
Message 26107 sent!
Message 26115 sent!
Message 26116 sent!
Message 26117 sent!
Message 26123 sent!
Message 26125 sent!
Message 26134 sent!
Message 26135 sent!
Message 26136 sent!
Message 26137 sent!
Message 26140 sent!
Message 26141 sent!
Message 26142 sent!
Message 26145 sent!
Message 26148 sent!
Message 26173 sent!
Message 26181 sent!
Message 26182 sent!
Message 2268 sent!
Message 6708 sent!
Message 6710 sent!
Message 6714 sent!
Message 6721 sent!
Message 6733 sent!
Message 6763 sent!
Message 6772 sent!
Message 6779 sent!
Message 6804 sent!
Message 6806 sent!
Message 25927 sent!
Message 25934 sent!
Message 25962 sent!
Message 25974 sent!
Message 25976 sent!
Message 25977 sent!
Message 25978 sent!
Message 26004 sent!
Message 26025 sent!
Message 26033 sent!
Message 26038 sent!
Message 26039 sent!
Message 26051 sent!
Message 26066 sent!
Message 26082 sent!
Message 26092 sent!
Message 26093 sent!
Message 26097 sent!
Message 26101 sent!
Message 26102 sent!
Message 2499 sent!
Message 2503 sent!
Message 2504 sent!
Message 2235 sent!
Message 25724 sent!
Message 25741 sent!
Message 25742 sent!
Message 25744 sent!
Message 25753 sent!
Message 25761 sent!
Message 25767 sent!
Message 25773 sent!
Message 25856 sent!
Message 25857 sent!
Message 25861 sent!
Message 25866 sent!
Message 25882 sent!
Message 25919 sent!
Message 6129 sent!
Message 6133 sent!
Message 6145 sent!
Message 6149 sent!
Message 6156 sent!
Message 6158 sent!
Message 6161 sent!
Message 6162 sent!
Message 6169 sent!
Message 6171 sent!
Message 6179 sent!
Message 6180 sent!
Message 6184 sent!
Message 6189 sent!
Message 6193 sent!
Message 6203 sent!
Message 6206 sent!
Message 6210 sent!
Message 6214 sent!
Message 6220 sent!
Message 6404 sent!
Message 6407 sent!
Message 6408 sent!
Message 6412 sent!
Message 7163 sent!
Message 7164 sent!
Message 7003 sent!
Message 7004 sent!
Message 7009 sent!
Message 7014 sent!
Message 7015 sent!
Message 7027 sent!
Message 7029 sent!
Message 7031 sent!
Message 7032 sent!
Message 7040 sent!
Message 7041 sent!
Message 7042 sent!
Message 7043 sent!
Message 7045 sent!
Message 7047 sent!
Message 7048 sent!
Message 7052 sent!
Message 7053 sent!
Message 7054 sent!
Message 7057 sent!
Message 3565 sent!
Message 3570 sent!
Message 3571 sent!
Message 3572 sent!
Message 8082 sent!
Message 8083 sent!
Message 8084 sent!
Message 8087 sent!
Message 8090 sent!
Message 8091 sent!
Message 8094 sent!
Message 8095 sent!
Message 8096 sent!
Message 8101 sent!
Message 8102 sent!
Message 8111 sent!
Message 8114 sent!
Message 8117 sent!
Message 8118 sent!
Message 8120 sent!
Message 8121 sent!
Message 8123 sent!
Message 8124 sent!
Message 3024 sent!
Message 3026 sent!
Message 3029 sent!
Message 3031 sent!
Message 3032 sent!
Message 3033 sent!
Message 3034 sent!
Message 3036 sent!
Message 3038 sent!
Message 3039 sent!
Message 3044 sent!
Message 3054 sent!
Message 3055 sent!
Message 3056 sent!
Message 3057 sent!
Message 3064 sent!
Message 3068 sent!
Message 3069 sent!
Message 3070 sent!
Message 3071 sent!
Message 13572 sent!
Message 13573 sent!
Message 13579 sent!
Message 13583 sent!
Message 13584 sent!
Message 13585 sent!
Message 13589 sent!
Message 13590 sent!
Message 13592 sent!
Message 13594 sent!
Message 13595 sent!
Message 13596 sent!
Message 13597 sent!
Message 13598 sent!
Message 13599 sent!
Message 13600 sent!
Message 13601 sent!
Message 13602 sent!
Message 13603 sent!
Message 13604 sent!
Message 6950 sent!
Message 6952 sent!
Message 6956 sent!
Message 6957 sent!
Message 6958 sent!
Message 6959 sent!
Message 6961 sent!
Message 6978 sent!
Message 6985 sent!
Message 6986 sent!
Message 6987 sent!
Message 6988 sent!
Message 6989 sent!
Message 6990 sent!
Message 6991 sent!
Message 6992 sent!
Message 6997 sent!
Message 9784 sent!
Message 9785 sent!
Message 9786 sent!
Message 9787 sent!
Message 4481 sent!
Message 4482 sent!
Message 4483 sent!
Message 4484 sent!
Message 4486 sent!
Message 9630 sent!
Message 9631 sent!
Message 9633 sent!
Message 9634 sent!
Message 9636 sent!
Message 9640 sent!
Message 9641 sent!
Message 9643 sent!
Message 9644 sent!
Message 9645 sent!
Message 9646 sent!
Message 9648 sent!
Message 9653 sent!
Message 9654 sent!
Message 9655 sent!
Message 9656 sent!
Message 9657 sent!
Message 9660 sent!
Message 9661 sent!
Message 9662 sent!
Message 16075 sent!
Message 16076 sent!
Message 16077 sent!
Message 16079 sent!
Message 16080 sent!
Message 16081 sent!
Message 16082 sent!
Message 16085 sent!
Message 16086 sent!
Message 16089 sent!
Message 16090 sent!
Message 16091 sent!
Message 16092 sent!
Message 16093 sent!
Message 16094 sent!
Message 16095 sent!
Message 16097 sent!
Message 16100 sent!
Message 16101 sent!
Message 16102 sent!
Message 8331 sent!
Message 8332 sent!
Message 8333 sent!
Message 8334 sent!
Message 8336 sent!
Message 8337 sent!
Message 8338 sent!
Message 8339 sent!
Message 8340 sent!
Message 8341 sent!
Message 8344 sent!
Message 8345 sent!
Message 8348 sent!
Message 8349 sent!
Message 8350 sent!
Message 8353 sent!
Message 8354 sent!
Message 8355 sent!
Message 8356 sent!
Message 8357 sent!
Message 9748 sent!
Message 9749 sent!
Message 9750 sent!
Message 9751 sent!
Message 9752 sent!
Message 9753 sent!
Message 9754 sent!
Message 9755 sent!
Message 9756 sent!
Message 9757 sent!
Message 9758 sent!
Message 9759 sent!
Message 9760 sent!
Message 9761 sent!
Message 9762 sent!
Message 9763 sent!
Message 9764 sent!
Message 9765 sent!
Message 9766 sent!
Message 9767 sent!
Message 2789 sent!
Message 2792 sent!
Message 2793 sent!
Message 2794 sent!
Message 2795 sent!
Message 2796 sent!
Message 2797 sent!
Message 38117 sent!
Message 38129 sent!
Message 38196 sent!
Message 38216 sent!
Message 2856 sent!
Message 2858 sent!
Message 2859 sent!
Message 2860 sent!
Message 2861 sent!
Message 2862 sent!
Message 2864 sent!
Message 2865 sent!
Message 2866 sent!
Message 2868 sent!
Message 2869 sent!
Message 2871 sent!
Message 8342 sent!
Message 8385 sent!
Message 8386 sent!
Message 8387 sent!
Message 8388 sent!
Message 8389 sent!
Message 8391 sent!
Message 8393 sent!
Message 8394 sent!
Message 8395 sent!
Message 8397 sent!
Message 8398 sent!
Message 8399 sent!
Message 8400 sent!
Message 8401 sent!
Message 8402 sent!
Message 8403 sent!
Message 8405 sent!
Message 8406 sent!
Message 8407 sent!
Message 1926 sent!
Message 1927 sent!
Message 1928 sent!
Message 1929 sent!
Message 1930 sent!
Message 1931 sent!
Message 1932 sent!
Message 1933 sent!
Message 1934 sent!
Message 1527 sent!
Message 2833 sent!
Message 2835 sent!
Message 9663 sent!
Message 9664 sent!
Message 9669 sent!
Message 9670 sent!
Message 9671 sent!
Message 9678 sent!
Message 9679 sent!
Message 9680 sent!
Message 9683 sent!
Message 9685 sent!
Message 9686 sent!
Message 9687 sent!
Message 9690 sent!
Message 9691 sent!
Message 9694 sent!
Message 9695 sent!
Message 9696 sent!
Message 9697 sent!
Message 9698 sent!
Message 9699 sent!
Message 38521 sent!
Message 38546 sent!
Message 38596 sent!
Message 38601 sent!
Message 38628 sent!
Message 38638 sent!
Message 38646 sent!
Message 38652 sent!
Message 38680 sent!
Message 38683 sent!
Message 38684 sent!
Message 38699 sent!
Message 38714 sent!
Message 38762 sent!
Message 38779 sent!
Message 38824 sent!
Message 38827 sent!
Message 38877 sent!
Message 38897 sent!
Message 38919 sent!
Message 6712 sent!
Message 6714 sent!
Message 6716 sent!
Message 6723 sent!
Message 6724 sent!
Message 6734 sent!
Message 6735 sent!
Message 6736 sent!
Message 6739 sent!
Message 6751 sent!
Message 6755 sent!
Message 6760 sent!
Message 6770 sent!
Message 6773 sent!
Message 6788 sent!
Message 6809 sent!
Message 15311 sent!
Message 15312 sent!
Message 15313 sent!
Message 15314 sent!
Message 15315 sent!
Message 15316 sent!
Message 15317 sent!
Message 15318 sent!
Message 15319 sent!
Message 15320 sent!
Message 15321 sent!
Message 15323 sent!
Message 15324 sent!
Message 15325 sent!
Message 15326 sent!
Message 15327 sent!
Message 15328 sent!
Message 15329 sent!
Message 15330 sent!
Message 15992 sent!
Message 15993 sent!
Message 15994 sent!
Message 15995 sent!
Message 15996 sent!
Message 16000 sent!
Message 16001 sent!
Message 16010 sent!
Message 16012 sent!
Message 16017 sent!
Message 16018 sent!
Message 16019 sent!
Message 16020 sent!
Message 16021 sent!
Message 16022 sent!
Message 16023 sent!
Message 16024 sent!
Message 16025 sent!
Message 16026 sent!
Message 16027 sent!
Message 9510 sent!
Message 9511 sent!
Message 9514 sent!
Message 9516 sent!
Message 9517 sent!
Message 9520 sent!
Message 9521 sent!
Message 9522 sent!
Message 9527 sent!
Message 9528 sent!
Message 9529 sent!
Message 9530 sent!
Message 9533 sent!
Message 9536 sent!
Message 9537 sent!
Message 9540 sent!
Message 9542 sent!
Message 9543 sent!
Message 9559 sent!
Message 9564 sent!
Message 7956 sent!
Message 7957 sent!
Message 7958 sent!
Message 7959 sent!
Message 7960 sent!
Message 7961 sent!
Message 7962 sent!
Message 7964 sent!
Message 7965 sent!
Message 7966 sent!
Message 7967 sent!
Message 7968 sent!
Message 7969 sent!
Message 7971 sent!
Message 7972 sent!
Message 7973 sent!
Message 7974 sent!
Message 7975 sent!
Message 7976 sent!
Message 9643 sent!
Message 9642 sent!
Message 9644 sent!
Message 9646 sent!
Message 9647 sent!
Message 9648 sent!
Message 9649 sent!
Message 9651 sent!
Message 9650 sent!
Message 9652 sent!
Message 9653 sent!
Message 9654 sent!
Message 9655 sent!
Message 9656 sent!
Message 9657 sent!
Message 9658 sent!
Message 9659 sent!
Message 9660 sent!
Message 9661 sent!
Message 9662 sent!
Message 15288 sent!
Message 15289 sent!
