/Library/Java/JavaVirtualMachines/adoptopenjdk-11.jdk/Contents/Home/bin/java -javaagent:/Applications/IntelliJ IDEA.app/Contents/lib/idea_rt.jar=64938:/Applications/IntelliJ IDEA.app/Contents/bin -Dfile.encoding=UTF-8 -classpath /Users/vladislav.gerasimov/IdeaProjects/bd-task-2/result-consumer/target/classes:/Users/vladislav.gerasimov/.m2/repository/com/fasterxml/jackson/core/jackson-databind/2.10.0/jackson-databind-2.10.0.jar:/Users/vladislav.gerasimov/.m2/repository/com/fasterxml/jackson/core/jackson-annotations/2.10.0/jackson-annotations-2.10.0.jar:/Users/vladislav.gerasimov/.m2/repository/com/fasterxml/jackson/core/jackson-core/2.10.0/jackson-core-2.10.0.jar:/Users/vladislav.gerasimov/.m2/repository/org/apache/kafka/kafka-clients/2.8.0/kafka-clients-2.8.0.jar:/Users/vladislav.gerasimov/.m2/repository/com/github/luben/zstd-jni/1.4.9-1/zstd-jni-1.4.9-1.jar:/Users/vladislav.gerasimov/.m2/repository/org/lz4/lz4-java/1.7.1/lz4-java-1.7.1.jar:/Users/vladislav.gerasimov/.m2/repository/org/xerial/snappy/snappy-java/1.1.8.1/snappy-java-1.1.8.1.jar:/Users/vladislav.gerasimov/.m2/repository/org/slf4j/slf4j-api/1.7.30/slf4j-api-1.7.30.jar bd.resultconsumer.BDResultConsumer
SLF4J: Failed to load class "org.slf4j.impl.StaticLoggerBinder".
SLF4J: Defaulting to no-operation (NOP) logger implementation
SLF4J: See http://www.slf4j.org/codes.html#StaticLoggerBinder for further details.
{"window":{"start":"2021-06-02T19:10:00.000+03:00","end":"2021-06-02T19:20:00.000+03:00"},"sex":2,"age_range_id":2.0,"count":2032}
{"window":{"start":"2021-06-02T19:10:00.000+03:00","end":"2021-06-02T19:20:00.000+03:00"},"sex":2,"count":1110}
{"window":{"start":"2021-06-02T19:10:00.000+03:00","end":"2021-06-02T19:20:00.000+03:00"},"sex":2,"age_range_id":3.0,"count":1}
{"window":{"start":"2021-06-02T19:10:00.000+03:00","end":"2021-06-02T19:20:00.000+03:00"},"sex":1,"count":681}
{"window":{"start":"2021-06-02T19:10:00.000+03:00","end":"2021-06-02T19:20:00.000+03:00"},"sex":2,"age_range_id":2.0,"count":959}
{"window":{"start":"2021-06-02T19:10:00.000+03:00","end":"2021-06-02T19:20:00.000+03:00"},"sex":1,"count":777}
{"window":{"start":"2021-06-02T19:10:00.000+03:00","end":"2021-06-02T19:20:00.000+03:00"},"sex":1,"age_range_id":2.0,"count":1068}
{"window":{"start":"2021-06-02T19:10:00.000+03:00","end":"2021-06-02T19:20:00.000+03:00"},"sex":2,"count":10}
{"window":{"start":"2021-06-02T19:10:00.000+03:00","end":"2021-06-02T19:20:00.000+03:00"},"sex":2,"age_range_id":3.0,"count":3}
{"window":{"start":"2021-06-02T19:10:00.000+03:00","end":"2021-06-02T19:20:00.000+03:00"},"sex":2,"age_range_id":2.0,"count":1437}
{"window":{"start":"2021-06-02T19:10:00.000+03:00","end":"2021-06-02T19:20:00.000+03:00"},"sex":1,"count":1555}
{"window":{"start":"2021-06-02T19:10:00.000+03:00","end":"2021-06-02T19:20:00.000+03:00"},"sex":1,"age_range_id":2.0,"count":1652}
{"window":{"start":"2021-06-02T19:10:00.000+03:00","end":"2021-06-02T19:20:00.000+03:00"},"sex":2,"age_range_id":2.0,"count":1510}
{"window":{"start":"2021-06-02T19:10:00.000+03:00","end":"2021-06-02T19:20:00.000+03:00"},"sex":1,"count":1819}
{"window":{"start":"2021-06-02T19:10:00.000+03:00","end":"2021-06-02T19:20:00.000+03:00"},"sex":2,"age_range_id":0.0,"count":144}
{"window":{"start":"2021-06-02T19:10:00.000+03:00","end":"2021-06-02T19:20:00.000+03:00"},"sex":2,"count":22}
{"window":{"start":"2021-06-02T19:10:00.000+03:00","end":"2021-06-02T19:20:00.000+03:00"},"sex":2,"age_range_id":2.0,"count":1552}
{"window":{"start":"2021-06-02T19:10:00.000+03:00","end":"2021-06-02T19:20:00.000+03:00"},"sex":1,"count":2290}
{"window":{"start":"2021-06-02T19:10:00.000+03:00","end":"2021-06-02T19:20:00.000+03:00"},"sex":2,"age_range_id":0.0,"count":147}
{"window":{"start":"2021-06-02T19:10:00.000+03:00","end":"2021-06-02T19:20:00.000+03:00"},"sex":2,"count":24}
{"window":{"start":"2021-06-02T19:10:00.000+03:00","end":"2021-06-02T19:20:00.000+03:00"},"sex":2,"age_range_id":2.0,"count":1842}
{"window":{"start":"2021-06-02T19:10:00.000+03:00","end":"2021-06-02T19:20:00.000+03:00"},"sex":1,"count":2444}
{"window":{"start":"2021-06-02T19:10:00.000+03:00","end":"2021-06-02T19:20:00.000+03:00"},"sex":2,"age_range_id":2.0,"count":1851}
{"window":{"start":"2021-06-02T19:10:00.000+03:00","end":"2021-06-02T19:20:00.000+03:00"},"sex":1,"count":2733}
{"window":{"start":"2021-06-02T19:10:00.000+03:00","end":"2021-06-02T19:20:00.000+03:00"},"sex":1,"age_range_id":2.0,"count":1666}
{"window":{"start":"2021-06-02T19:10:00.000+03:00","end":"2021-06-02T19:20:00.000+03:00"},"sex":2,"count":949}
{"window":{"start":"2021-06-02T19:10:00.000+03:00","end":"2021-06-02T19:20:00.000+03:00"},"sex":2,"age_range_id":2.0,"count":3913}
{"window":{"start":"2021-06-02T19:10:00.000+03:00","end":"2021-06-02T19:20:00.000+03:00"},"sex":1,"age_range_id":2.0,"count":1670}
{"window":{"start":"2021-06-02T19:10:00.000+03:00","end":"2021-06-02T19:20:00.000+03:00"},"sex":2,"count":966}
{"window":{"start":"2021-06-02T19:10:00.000+03:00","end":"2021-06-02T19:20:00.000+03:00"},"sex":2,"age_range_id":2.0,"count":3926}
{"window":{"start":"2021-06-02T19:10:00.000+03:00","end":"2021-06-02T19:20:00.000+03:00"},"sex":1,"count":2892}
{"window":{"start":"2021-06-02T19:10:00.000+03:00","end":"2021-06-02T19:20:00.000+03:00"},"sex":1,"age_range_id":2.0,"count":1793}
{"window":{"start":"2021-06-02T19:10:00.000+03:00","end":"2021-06-02T19:20:00.000+03:00"},"sex":2,"count":1170}
{"window":{"start":"2021-06-02T19:10:00.000+03:00","end":"2021-06-02T19:20:00.000+03:00"},"sex":2,"age_range_id":2.0,"count":3952}
{"window":{"start":"2021-06-02T19:10:00.000+03:00","end":"2021-06-02T19:20:00.000+03:00"},"sex":1,"count":3404}
{"window":{"start":"2021-06-02T19:10:00.000+03:00","end":"2021-06-02T19:20:00.000+03:00"},"sex":1,"age_range_id":2.0,"count":1948}
{"window":{"start":"2021-06-02T19:10:00.000+03:00","end":"2021-06-02T19:20:00.000+03:00"},"sex":2,"age_range_id":2.0,"count":5291}
{"window":{"start":"2021-06-02T19:10:00.000+03:00","end":"2021-06-02T19:20:00.000+03:00"},"sex":1,"count":3421}
{"window":{"start":"2021-06-02T19:10:00.000+03:00","end":"2021-06-02T19:20:00.000+03:00"},"sex":1,"age_range_id":2.0,"count":1983}
{"window":{"start":"2021-06-02T19:10:00.000+03:00","end":"2021-06-02T19:20:00.000+03:00"},"sex":2,"age_range_id":4.0,"count":6}
{"window":{"start":"2021-06-02T19:10:00.000+03:00","end":"2021-06-02T19:20:00.000+03:00"},"sex":2,"age_range_id":2.0,"count":5623}
{"window":{"start":"2021-06-02T19:10:00.000+03:00","end":"2021-06-02T19:20:00.000+03:00"},"sex":1,"count":3464}
{"window":{"start":"2021-06-02T19:10:00.000+03:00","end":"2021-06-02T19:20:00.000+03:00"},"sex":1,"age_range_id":2.0,"count":1990}
{"window":{"start":"2021-06-02T19:10:00.000+03:00","end":"2021-06-02T19:20:00.000+03:00"},"sex":2,"age_range_id":2.0,"count":7018}
{"window":{"start":"2021-06-02T19:10:00.000+03:00","end":"2021-06-02T19:20:00.000+03:00"},"sex":1,"count":3495}
{"window":{"start":"2021-06-02T19:10:00.000+03:00","end":"2021-06-02T19:20:00.000+03:00"},"sex":1,"age_range_id":2.0,"count":2000}
{"window":{"start":"2021-06-02T19:10:00.000+03:00","end":"2021-06-02T19:20:00.000+03:00"},"sex":2,"age_range_id":2.0,"count":7458}
{"window":{"start":"2021-06-02T19:10:00.000+03:00","end":"2021-06-02T19:20:00.000+03:00"},"sex":1,"count":3672}
{"window":{"start":"2021-06-02T19:10:00.000+03:00","end":"2021-06-02T19:20:00.000+03:00"},"sex":1,"age_range_id":2.0,"count":2464}
{"window":{"start":"2021-06-02T19:10:00.000+03:00","end":"2021-06-02T19:20:00.000+03:00"},"sex":2,"age_range_id":2.0,"count":7640}
{"window":{"start":"2021-06-02T19:10:00.000+03:00","end":"2021-06-02T19:20:00.000+03:00"},"sex":1,"count":3843}
{"window":{"start":"2021-06-02T19:10:00.000+03:00","end":"2021-06-02T19:20:00.000+03:00"},"sex":1,"age_range_id":2.0,"count":2808}
{"window":{"start":"2021-06-02T19:10:00.000+03:00","end":"2021-06-02T19:20:00.000+03:00"},"sex":2,"age_range_id":2.0,"count":7794}
{"window":{"start":"2021-06-02T19:10:00.000+03:00","end":"2021-06-02T19:20:00.000+03:00"},"sex":1,"count":4483}
{"window":{"start":"2021-06-02T19:10:00.000+03:00","end":"2021-06-02T19:20:00.000+03:00"},"sex":1,"age_range_id":2.0,"count":2822}
{"window":{"start":"2021-06-02T19:10:00.000+03:00","end":"2021-06-02T19:20:00.000+03:00"},"sex":2,"count":1197}
{"window":{"start":"2021-06-02T19:10:00.000+03:00","end":"2021-06-02T19:20:00.000+03:00"},"sex":2,"age_range_id":4.0,"count":11}
{"window":{"start":"2021-06-02T19:10:00.000+03:00","end":"2021-06-02T19:20:00.000+03:00"},"sex":2,"age_range_id":2.0,"count":8209}
{"window":{"start":"2021-06-02T19:10:00.000+03:00","end":"2021-06-02T19:20:00.000+03:00"},"sex":1,"age_range_id":2.0,"count":3027}
{"window":{"start":"2021-06-02T19:10:00.000+03:00","end":"2021-06-02T19:20:00.000+03:00"},"sex":2,"count":1281}
{"window":{"start":"2021-06-02T19:10:00.000+03:00","end":"2021-06-02T19:20:00.000+03:00"},"sex":2,"age_range_id":2.0,"count":9231}
{"window":{"start":"2021-06-02T19:10:00.000+03:00","end":"2021-06-02T19:20:00.000+03:00"},"sex":2,"count":1290}
{"window":{"start":"2021-06-02T19:10:00.000+03:00","end":"2021-06-02T19:20:00.000+03:00"},"sex":2,"age_range_id":3.0,"count":835}
{"window":{"start":"2021-06-02T19:10:00.000+03:00","end":"2021-06-02T19:20:00.000+03:00"},"sex":2,"age_range_id":2.0,"count":9379}
{"window":{"start":"2021-06-02T19:10:00.000+03:00","end":"2021-06-02T19:20:00.000+03:00"},"sex":2,"count":1991}
{"window":{"start":"2021-06-02T19:10:00.000+03:00","end":"2021-06-02T19:20:00.000+03:00"},"sex":2,"age_range_id":2.0,"count":9579}
{"window":{"start":"2021-06-02T19:10:00.000+03:00","end":"2021-06-02T19:20:00.000+03:00"},"sex":1,"age_range_id":3.0,"count":155}
{"window":{"start":"2021-06-02T19:10:00.000+03:00","end":"2021-06-02T19:20:00.000+03:00"},"sex":2,"count":2005}
{"window":{"start":"2021-06-02T19:10:00.000+03:00","end":"2021-06-02T19:20:00.000+03:00"},"sex":2,"age_range_id":2.0,"count":10020}
{"window":{"start":"2021-06-02T19:10:00.000+03:00","end":"2021-06-02T19:20:00.000+03:00"},"sex":1,"count":4684}
{"window":{"start":"2021-06-02T19:10:00.000+03:00","end":"2021-06-02T19:20:00.000+03:00"},"sex":1,"age_range_id":3.0,"count":953}
{"window":{"start":"2021-06-02T19:10:00.000+03:00","end":"2021-06-02T19:20:00.000+03:00"},"sex":2,"count":2007}
{"window":{"start":"2021-06-02T19:10:00.000+03:00","end":"2021-06-02T19:20:00.000+03:00"},"sex":2,"age_range_id":3.0,"count":931}
{"window":{"start":"2021-06-02T19:10:00.000+03:00","end":"2021-06-02T19:20:00.000+03:00"},"sex":1,"count":4712}
{"window":{"start":"2021-06-02T19:10:00.000+03:00","end":"2021-06-02T19:20:00.000+03:00"},"sex":1,"age_range_id":2.0,"count":3489}
{"window":{"start":"2021-06-02T19:10:00.000+03:00","end":"2021-06-02T19:20:00.000+03:00"},"sex":2,"count":2035}
{"window":{"start":"2021-06-02T19:10:00.000+03:00","end":"2021-06-02T19:20:00.000+03:00"},"sex":2,"age_range_id":3.0,"count":984}
{"window":{"start":"2021-06-02T19:10:00.000+03:00","end":"2021-06-02T19:20:00.000+03:00"},"sex":1,"count":4797}
{"window":{"start":"2021-06-02T19:10:00.000+03:00","end":"2021-06-02T19:20:00.000+03:00"},"sex":2,"count":2100}
{"window":{"start":"2021-06-02T19:10:00.000+03:00","end":"2021-06-02T19:20:00.000+03:00"},"sex":2,"age_range_id":3.0,"count":1500}
{"window":{"start":"2021-06-02T19:10:00.000+03:00","end":"2021-06-02T19:20:00.000+03:00"},"sex":1,"count":4886}
{"window":{"start":"2021-06-02T19:10:00.000+03:00","end":"2021-06-02T19:20:00.000+03:00"},"sex":1,"age_range_id":3.0,"count":1871}
{"window":{"start":"2021-06-02T19:10:00.000+03:00","end":"2021-06-02T19:20:00.000+03:00"},"sex":2,"count":2196}
{"window":{"start":"2021-06-02T19:10:00.000+03:00","end":"2021-06-02T19:20:00.000+03:00"},"sex":2,"age_range_id":3.0,"count":1640}
{"window":{"start":"2021-06-02T19:10:00.000+03:00","end":"2021-06-02T19:20:00.000+03:00"},"sex":2,"age_range_id":2.0,"count":10332}
{"window":{"start":"2021-06-02T19:10:00.000+03:00","end":"2021-06-02T19:20:00.000+03:00"},"sex":1,"count":5399}
{"window":{"start":"2021-06-02T19:10:00.000+03:00","end":"2021-06-02T19:20:00.000+03:00"},"sex":2,"count":2267}
{"window":{"start":"2021-06-02T19:10:00.000+03:00","end":"2021-06-02T19:20:00.000+03:00"},"sex":2,"age_range_id":3.0,"count":1834}
{"window":{"start":"2021-06-02T19:10:00.000+03:00","end":"2021-06-02T19:20:00.000+03:00"},"sex":2,"age_range_id":2.0,"count":10571}
{"window":{"start":"2021-06-02T19:10:00.000+03:00","end":"2021-06-02T19:20:00.000+03:00"},"sex":1,"count":5417}
{"window":{"start":"2021-06-02T19:10:00.000+03:00","end":"2021-06-02T19:20:00.000+03:00"},"sex":1,"age_range_id":3.0,"count":2450}
{"window":{"start":"2021-06-02T19:10:00.000+03:00","end":"2021-06-02T19:20:00.000+03:00"},"sex":2,"count":2518}
{"window":{"start":"2021-06-02T19:10:00.000+03:00","end":"2021-06-02T19:20:00.000+03:00"},"sex":2,"age_range_id":3.0,"count":2125}
{"window":{"start":"2021-06-02T19:10:00.000+03:00","end":"2021-06-02T19:20:00.000+03:00"},"sex":1,"count":5447}
{"window":{"start":"2021-06-02T19:10:00.000+03:00","end":"2021-06-02T19:20:00.000+03:00"},"sex":1,"age_range_id":3.0,"count":3670}
{"window":{"start":"2021-06-02T19:10:00.000+03:00","end":"2021-06-02T19:20:00.000+03:00"},"sex":2,"count":2524}
{"window":{"start":"2021-06-02T19:10:00.000+03:00","end":"2021-06-02T19:20:00.000+03:00"},"sex":2,"age_range_id":3.0,"count":2147}
{"window":{"start":"2021-06-02T19:10:00.000+03:00","end":"2021-06-02T19:20:00.000+03:00"},"sex":1,"count":5643}
{"window":{"start":"2021-06-02T19:10:00.000+03:00","end":"2021-06-02T19:20:00.000+03:00"},"sex":1,"age_range_id":2.0,"count":3589}
{"window":{"start":"2021-06-02T19:10:00.000+03:00","end":"2021-06-02T19:20:00.000+03:00"},"sex":2,"age_range_id":3.0,"count":2482}
{"window":{"start":"2021-06-02T19:10:00.000+03:00","end":"2021-06-02T19:20:00.000+03:00"},"sex":1,"count":6254}
{"window":{"start":"2021-06-02T19:10:00.000+03:00","end":"2021-06-02T19:20:00.000+03:00"},"sex":2,"count":2527}
{"window":{"start":"2021-06-02T19:10:00.000+03:00","end":"2021-06-02T19:20:00.000+03:00"},"sex":2,"age_range_id":3.0,"count":2603}
{"window":{"start":"2021-06-02T19:10:00.000+03:00","end":"2021-06-02T19:20:00.000+03:00"},"sex":1,"count":6331}
{"window":{"start":"2021-06-02T19:10:00.000+03:00","end":"2021-06-02T19:20:00.000+03:00"},"sex":2,"count":2880}
{"window":{"start":"2021-06-02T19:10:00.000+03:00","end":"2021-06-02T19:20:00.000+03:00"},"sex":2,"age_range_id":3.0,"count":2702}
{"window":{"start":"2021-06-02T19:10:00.000+03:00","end":"2021-06-02T19:20:00.000+03:00"},"sex":2,"age_range_id":2.0,"count":10627}
{"window":{"start":"2021-06-02T19:10:00.000+03:00","end":"2021-06-02T19:20:00.000+03:00"},"sex":2,"count":2884}
{"window":{"start":"2021-06-02T19:10:00.000+03:00","end":"2021-06-02T19:20:00.000+03:00"},"sex":2,"age_range_id":3.0,"count":3190}
{"window":{"start":"2021-06-02T19:10:00.000+03:00","end":"2021-06-02T19:20:00.000+03:00"},"sex":1,"count":6872}
{"window":{"start":"2021-06-02T19:10:00.000+03:00","end":"2021-06-02T19:20:00.000+03:00"},"sex":1,"age_range_id":2.0,"count":3861}
{"window":{"start":"2021-06-02T19:10:00.000+03:00","end":"2021-06-02T19:20:00.000+03:00"},"sex":2,"age_range_id":3.0,"count":3349}
{"window":{"start":"2021-06-02T19:10:00.000+03:00","end":"2021-06-02T19:20:00.000+03:00"},"sex":2,"age_range_id":2.0,"count":10655}
{"window":{"start":"2021-06-02T19:10:00.000+03:00","end":"2021-06-02T19:20:00.000+03:00"},"sex":1,"count":6874}
{"window":{"start":"2021-06-02T19:10:00.000+03:00","end":"2021-06-02T19:20:00.000+03:00"},"sex":1,"age_range_id":2.0,"count":4393}
{"window":{"start":"2021-06-02T19:10:00.000+03:00","end":"2021-06-02T19:20:00.000+03:00"},"sex":2,"count":2891}
